{ time: [34m08-08-2022 10:32:19[39m level: [31merror[39m message: Cannot read property 'secure_url' of undefinedCannot read property 'secure_url' of undefined stack: TypeError: Cannot read property 'secure_url' of undefined
    at exports.createPost (/Users/Apple/Desktop/project/social_app/server/controllers/post.controller.js:19:86)
    at processTicksAndRejections (internal/process/task_queues.js:97:5) }
{ time: [34m08-08-2022 10:47:27[39m level: [31merror[39m message: Cannot read property '_id' of nullCannot read property '_id' of null stack: TypeError: Cannot read property '_id' of null
    at exports.timeLinePost (/Users/Apple/Desktop/project/social_app/server/controllers/post.controller.js:30:82)
    at processTicksAndRejections (internal/process/task_queues.js:97:5) }
{ time: [34m08-08-2022 10:47:28[39m level: [31merror[39m message: Cannot read property '_id' of nullCannot read property '_id' of null stack: TypeError: Cannot read property '_id' of null
    at exports.timeLinePost (/Users/Apple/Desktop/project/social_app/server/controllers/post.controller.js:30:82)
    at processTicksAndRejections (internal/process/task_queues.js:97:5) }
{ time: [34m08-08-2022 10:47:31[39m level: [31merror[39m message: Cannot read property '_id' of nullCannot read property '_id' of null stack: TypeError: Cannot read property '_id' of null
    at exports.timeLinePost (/Users/Apple/Desktop/project/social_app/server/controllers/post.controller.js:30:82)
    at processTicksAndRejections (internal/process/task_queues.js:97:5) }
{ time: [34m08-08-2022 10:47:34[39m level: [31merror[39m message: Cannot read property '_id' of nullCannot read property '_id' of null stack: TypeError: Cannot read property '_id' of null
    at exports.timeLinePost (/Users/Apple/Desktop/project/social_app/server/controllers/post.controller.js:30:82)
    at processTicksAndRejections (internal/process/task_queues.js:97:5) }
{ time: [34m08-08-2022 10:47:35[39m level: [31merror[39m message: Cannot read property '_id' of nullCannot read property '_id' of null stack: TypeError: Cannot read property '_id' of null
    at exports.timeLinePost (/Users/Apple/Desktop/project/social_app/server/controllers/post.controller.js:30:82)
    at processTicksAndRejections (internal/process/task_queues.js:97:5) }
{ time: [34m08-08-2022 10:47:37[39m level: [31merror[39m message: Cannot read property '_id' of nullCannot read property '_id' of null stack: TypeError: Cannot read property '_id' of null
    at exports.timeLinePost (/Users/Apple/Desktop/project/social_app/server/controllers/post.controller.js:30:82)
    at processTicksAndRejections (internal/process/task_queues.js:97:5) }
{ time: [34m08-08-2022 10:47:42[39m level: [31merror[39m message: Cannot read property '_id' of nullCannot read property '_id' of null stack: TypeError: Cannot read property '_id' of null
    at exports.timeLinePost (/Users/Apple/Desktop/project/social_app/server/controllers/post.controller.js:30:82)
    at processTicksAndRejections (internal/process/task_queues.js:97:5) }
{ time: [34m08-08-2022 10:47:48[39m level: [31merror[39m message: Cannot read property '_id' of nullCannot read property '_id' of null stack: TypeError: Cannot read property '_id' of null
    at exports.timeLinePost (/Users/Apple/Desktop/project/social_app/server/controllers/post.controller.js:30:82)
    at processTicksAndRejections (internal/process/task_queues.js:97:5) }
{ time: [34m08-08-2022 10:47:49[39m level: [31merror[39m message: Cannot read property '_id' of nullCannot read property '_id' of null stack: TypeError: Cannot read property '_id' of null
    at exports.timeLinePost (/Users/Apple/Desktop/project/social_app/server/controllers/post.controller.js:30:82)
    at processTicksAndRejections (internal/process/task_queues.js:97:5) }
{ time: [34m08-08-2022 10:47:51[39m level: [31merror[39m message: Cannot read property '_id' of nullCannot read property '_id' of null stack: TypeError: Cannot read property '_id' of null
    at exports.timeLinePost (/Users/Apple/Desktop/project/social_app/server/controllers/post.controller.js:30:82)
    at processTicksAndRejections (internal/process/task_queues.js:97:5) }
{ time: [34m08-08-2022 10:47:56[39m level: [31merror[39m message: Cannot read property '_id' of nullCannot read property '_id' of null stack: TypeError: Cannot read property '_id' of null
    at exports.timeLinePost (/Users/Apple/Desktop/project/social_app/server/controllers/post.controller.js:30:82)
    at processTicksAndRejections (internal/process/task_queues.js:97:5) }
{ time: [34m08-08-2022 10:48:02[39m level: [31merror[39m message: Cannot read property '_id' of nullCannot read property '_id' of null stack: TypeError: Cannot read property '_id' of null
    at exports.timeLinePost (/Users/Apple/Desktop/project/social_app/server/controllers/post.controller.js:30:82)
    at processTicksAndRejections (internal/process/task_queues.js:97:5) }
{ time: [34m08-08-2022 10:57:02[39m level: [31merror[39m message: Cannot read property '_id' of nullCannot read property '_id' of null stack: TypeError: Cannot read property '_id' of null
    at exports.timeLinePost (/Users/Apple/Desktop/project/social_app/server/controllers/post.controller.js:30:82)
    at processTicksAndRejections (internal/process/task_queues.js:97:5) }
{ time: [34m08-08-2022 10:57:03[39m level: [31merror[39m message: Cannot read property '_id' of nullCannot read property '_id' of null stack: TypeError: Cannot read property '_id' of null
    at exports.timeLinePost (/Users/Apple/Desktop/project/social_app/server/controllers/post.controller.js:30:82)
    at processTicksAndRejections (internal/process/task_queues.js:97:5) }
{ time: [34m08-08-2022 10:57:06[39m level: [31merror[39m message: Cannot read property '_id' of nullCannot read property '_id' of null stack: TypeError: Cannot read property '_id' of null
    at exports.timeLinePost (/Users/Apple/Desktop/project/social_app/server/controllers/post.controller.js:30:82)
    at processTicksAndRejections (internal/process/task_queues.js:97:5) }
{ time: [34m08-08-2022 10:57:10[39m level: [31merror[39m message: Cannot read property '_id' of nullCannot read property '_id' of null stack: TypeError: Cannot read property '_id' of null
    at exports.timeLinePost (/Users/Apple/Desktop/project/social_app/server/controllers/post.controller.js:30:82)
    at processTicksAndRejections (internal/process/task_queues.js:97:5) }
{ time: [34m08-08-2022 11:02:59[39m level: [31merror[39m message: Cannot read property '_id' of nullCannot read property '_id' of null stack: TypeError: Cannot read property '_id' of null
    at exports.timeLinePost (/Users/Apple/Desktop/project/social_app/server/controllers/post.controller.js:30:82)
    at processTicksAndRejections (internal/process/task_queues.js:97:5) }
{ time: [34m08-08-2022 11:03:00[39m level: [31merror[39m message: Cannot read property '_id' of nullCannot read property '_id' of null stack: TypeError: Cannot read property '_id' of null
    at exports.timeLinePost (/Users/Apple/Desktop/project/social_app/server/controllers/post.controller.js:30:82)
    at processTicksAndRejections (internal/process/task_queues.js:97:5) }
{ time: [34m08-08-2022 11:03:03[39m level: [31merror[39m message: Cannot read property '_id' of nullCannot read property '_id' of null stack: TypeError: Cannot read property '_id' of null
    at exports.timeLinePost (/Users/Apple/Desktop/project/social_app/server/controllers/post.controller.js:30:82)
    at processTicksAndRejections (internal/process/task_queues.js:97:5) }
{ time: [34m08-08-2022 11:03:07[39m level: [31merror[39m message: Cannot read property '_id' of nullCannot read property '_id' of null stack: TypeError: Cannot read property '_id' of null
    at exports.timeLinePost (/Users/Apple/Desktop/project/social_app/server/controllers/post.controller.js:30:82)
    at processTicksAndRejections (internal/process/task_queues.js:97:5) }
{ time: [34m08-08-2022 11:04:52[39m level: [31merror[39m message: Cannot read property 'includes' of undefinedCannot read property 'includes' of undefined stack: TypeError: Cannot read property 'includes' of undefined
    at exports.timeLinePost (/Users/Apple/Desktop/project/social_app/server/controllers/post.controller.js:47:18)
    at processTicksAndRejections (internal/process/task_queues.js:97:5) }
{ time: [34m08-08-2022 11:04:54[39m level: [31merror[39m message: Cannot read property 'includes' of undefinedCannot read property 'includes' of undefined stack: TypeError: Cannot read property 'includes' of undefined
    at exports.timeLinePost (/Users/Apple/Desktop/project/social_app/server/controllers/post.controller.js:47:18)
    at processTicksAndRejections (internal/process/task_queues.js:97:5) }
{ time: [34m08-08-2022 11:04:57[39m level: [31merror[39m message: Cannot read property 'includes' of undefinedCannot read property 'includes' of undefined stack: TypeError: Cannot read property 'includes' of undefined
    at exports.timeLinePost (/Users/Apple/Desktop/project/social_app/server/controllers/post.controller.js:47:18)
    at processTicksAndRejections (internal/process/task_queues.js:97:5) }
{ time: [34m08-08-2022 11:05:02[39m level: [31merror[39m message: Cannot read property 'includes' of undefinedCannot read property 'includes' of undefined stack: TypeError: Cannot read property 'includes' of undefined
    at exports.timeLinePost (/Users/Apple/Desktop/project/social_app/server/controllers/post.controller.js:47:18)
    at processTicksAndRejections (internal/process/task_queues.js:97:5) }
{ time: [34m08-08-2022 11:07:47[39m level: [31merror[39m message: Cannot read property 'length' of undefinedCannot read property 'length' of undefined stack: TypeError: Cannot read property 'length' of undefined
    at exports.timeLinePost (/Users/Apple/Desktop/project/social_app/server/controllers/post.controller.js:47:18)
    at processTicksAndRejections (internal/process/task_queues.js:97:5) }
{ time: [34m08-08-2022 11:07:50[39m level: [31merror[39m message: Cannot read property 'length' of undefinedCannot read property 'length' of undefined stack: TypeError: Cannot read property 'length' of undefined
    at exports.timeLinePost (/Users/Apple/Desktop/project/social_app/server/controllers/post.controller.js:47:18)
    at processTicksAndRejections (internal/process/task_queues.js:97:5) }
{ time: [34m08-08-2022 11:07:53[39m level: [31merror[39m message: Cannot read property 'length' of undefinedCannot read property 'length' of undefined stack: TypeError: Cannot read property 'length' of undefined
    at exports.timeLinePost (/Users/Apple/Desktop/project/social_app/server/controllers/post.controller.js:47:18)
    at processTicksAndRejections (internal/process/task_queues.js:97:5) }
{ time: [34m08-08-2022 11:07:58[39m level: [31merror[39m message: Cannot read property 'length' of undefinedCannot read property 'length' of undefined stack: TypeError: Cannot read property 'length' of undefined
    at exports.timeLinePost (/Users/Apple/Desktop/project/social_app/server/controllers/post.controller.js:47:18)
    at processTicksAndRejections (internal/process/task_queues.js:97:5) }
{ time: [34m08-08-2022 11:09:48[39m level: [31merror[39m message: Cannot read property '0' of undefinedCannot read property '0' of undefined stack: TypeError: Cannot read property '0' of undefined
    at exports.timeLinePost (/Users/Apple/Desktop/project/social_app/server/controllers/post.controller.js:47:17)
    at processTicksAndRejections (internal/process/task_queues.js:97:5) }
{ time: [34m08-08-2022 11:09:50[39m level: [31merror[39m message: Cannot read property '0' of undefinedCannot read property '0' of undefined stack: TypeError: Cannot read property '0' of undefined
    at exports.timeLinePost (/Users/Apple/Desktop/project/social_app/server/controllers/post.controller.js:47:17)
    at processTicksAndRejections (internal/process/task_queues.js:97:5) }
{ time: [34m08-08-2022 11:09:53[39m level: [31merror[39m message: Cannot read property '0' of undefinedCannot read property '0' of undefined stack: TypeError: Cannot read property '0' of undefined
    at exports.timeLinePost (/Users/Apple/Desktop/project/social_app/server/controllers/post.controller.js:47:17)
    at processTicksAndRejections (internal/process/task_queues.js:97:5) }
{ time: [34m08-08-2022 11:09:58[39m level: [31merror[39m message: Cannot read property '0' of undefinedCannot read property '0' of undefined stack: TypeError: Cannot read property '0' of undefined
    at exports.timeLinePost (/Users/Apple/Desktop/project/social_app/server/controllers/post.controller.js:47:17)
    at processTicksAndRejections (internal/process/task_queues.js:97:5) }
{ time: [34m08-08-2022 11:39:04[39m level: [31merror[39m message: Cannot read property 'postImg' of nullCannot read property 'postImg' of null stack: TypeError: Cannot read property 'postImg' of null
    at exports.createPost (/Users/Apple/Desktop/project/social_app/server/controllers/post.controller.js:18:44)
    at /Users/Apple/Desktop/project/social_app/server/node_modules/express-async-errors/index.js:17:20
    at Layer.handle [as handle_request] (/Users/Apple/Desktop/project/social_app/server/node_modules/express/lib/router/layer.js:95:5)
    at next (/Users/Apple/Desktop/project/social_app/server/node_modules/express/lib/router/route.js:137:13)
    at /Users/Apple/Desktop/project/social_app/server/middleware/auth.js:12:9
    at /Users/Apple/Desktop/project/social_app/server/node_modules/jsonwebtoken/verify.js:223:12
    at getSecret (/Users/Apple/Desktop/project/social_app/server/node_modules/jsonwebtoken/verify.js:90:14)
    at Object.module.exports [as verify] (/Users/Apple/Desktop/project/social_app/server/node_modules/jsonwebtoken/verify.js:94:10)
    at exports.isAuth (/Users/Apple/Desktop/project/social_app/server/middleware/auth.js:7:9)
    at /Users/Apple/Desktop/project/social_app/server/node_modules/express-async-errors/index.js:17:20 }
{ time: [34m08-08-2022 11:40:34[39m level: [31merror[39m message: Cannot read property 'postImg' of nullCannot read property 'postImg' of null stack: TypeError: Cannot read property 'postImg' of null
    at exports.createPost (/Users/Apple/Desktop/project/social_app/server/controllers/post.controller.js:18:44)
    at /Users/Apple/Desktop/project/social_app/server/node_modules/express-async-errors/index.js:17:20
    at Layer.handle [as handle_request] (/Users/Apple/Desktop/project/social_app/server/node_modules/express/lib/router/layer.js:95:5)
    at next (/Users/Apple/Desktop/project/social_app/server/node_modules/express/lib/router/route.js:137:13)
    at /Users/Apple/Desktop/project/social_app/server/middleware/auth.js:12:9
    at /Users/Apple/Desktop/project/social_app/server/node_modules/jsonwebtoken/verify.js:223:12
    at getSecret (/Users/Apple/Desktop/project/social_app/server/node_modules/jsonwebtoken/verify.js:90:14)
    at Object.module.exports [as verify] (/Users/Apple/Desktop/project/social_app/server/node_modules/jsonwebtoken/verify.js:94:10)
    at exports.isAuth (/Users/Apple/Desktop/project/social_app/server/middleware/auth.js:7:9)
    at /Users/Apple/Desktop/project/social_app/server/node_modules/express-async-errors/index.js:17:20 }
{ time: [34m09-08-2022 16:11:51[39m level: [31merror[39m message: Cannot destructure property 'result' of '(intermediate value)' as it is undefined.Cannot destructure property 'result' of '(intermediate value)' as it is undefined. stack: TypeError: Cannot destructure property 'result' of '(intermediate value)' as it is undefined.
    at exports.instagramCrawler (/Users/Apple/Desktop/project/social_app/server/controllers/crawler.controller.js:8:13)
    at processTicksAndRejections (internal/process/task_queues.js:97:5) }
{ time: [34m15-08-2022 12:54:11[39m level: [31merror[39m message: Cannot find module './photos'
Require stack:
- /Users/Apple/Desktop/project/social_app/server/controllers/post.controller.js
- /Users/Apple/Desktop/project/social_app/server/routes/post.route.js
- /Users/Apple/Desktop/project/social_app/server/util/middleware&route.js
- /Users/Apple/Desktop/project/social_app/server/index.jsCannot find module './photos'
Require stack:
- /Users/Apple/Desktop/project/social_app/server/controllers/post.controller.js
- /Users/Apple/Desktop/project/social_app/server/routes/post.route.js
- /Users/Apple/Desktop/project/social_app/server/util/middleware&route.js
- /Users/Apple/Desktop/project/social_app/server/index.js stack: Error: Cannot find module './photos'
Require stack:
- /Users/Apple/Desktop/project/social_app/server/controllers/post.controller.js
- /Users/Apple/Desktop/project/social_app/server/routes/post.route.js
- /Users/Apple/Desktop/project/social_app/server/util/middleware&route.js
- /Users/Apple/Desktop/project/social_app/server/index.js
    at Function.Module._resolveFilename (internal/modules/cjs/loader.js:815:15)
    at Function.Module._load (internal/modules/cjs/loader.js:667:27)
    at Module.require (internal/modules/cjs/loader.js:887:19)
    at require (internal/modules/cjs/helpers.js:74:18)
    at exports.createPhoto (/Users/Apple/Desktop/project/social_app/server/controllers/post.controller.js:122:18)
    at /Users/Apple/Desktop/project/social_app/server/node_modules/express-async-errors/index.js:17:20
    at Layer.handle [as handle_request] (/Users/Apple/Desktop/project/social_app/server/node_modules/express/lib/router/layer.js:95:5)
    at next (/Users/Apple/Desktop/project/social_app/server/node_modules/express/lib/router/route.js:137:13)
    at Route.dispatch (/Users/Apple/Desktop/project/social_app/server/node_modules/express/lib/router/route.js:112:3)
    at /Users/Apple/Desktop/project/social_app/server/node_modules/express-async-errors/index.js:17:20 }
{ time: [34m15-08-2022 12:55:46[39m level: [31merror[39m message: Photo.insert is not a functionPhoto.insert is not a function stack: TypeError: Photo.insert is not a function
    at exports.createPhoto (/Users/Apple/Desktop/project/social_app/server/controllers/post.controller.js:123:30)
    at /Users/Apple/Desktop/project/social_app/server/node_modules/express-async-errors/index.js:17:20
    at Layer.handle [as handle_request] (/Users/Apple/Desktop/project/social_app/server/node_modules/express/lib/router/layer.js:95:5)
    at next (/Users/Apple/Desktop/project/social_app/server/node_modules/express/lib/router/route.js:137:13)
    at Route.dispatch (/Users/Apple/Desktop/project/social_app/server/node_modules/express/lib/router/route.js:112:3)
    at /Users/Apple/Desktop/project/social_app/server/node_modules/express-async-errors/index.js:17:20
    at Layer.handle [as handle_request] (/Users/Apple/Desktop/project/social_app/server/node_modules/express/lib/router/layer.js:95:5)
    at /Users/Apple/Desktop/project/social_app/server/node_modules/express/lib/router/index.js:281:22
    at Function.process_params (/Users/Apple/Desktop/project/social_app/server/node_modules/express/lib/router/index.js:341:12)
    at next (/Users/Apple/Desktop/project/social_app/server/node_modules/express/lib/router/index.js:275:10) }
{ time: [34m15-08-2022 13:10:41[39m level: [31merror[39m message: Photo.insert is not a functionPhoto.insert is not a function stack: TypeError: Photo.insert is not a function
    at exports.createPhoto (/Users/Apple/Desktop/project/social_app/server/controllers/post.controller.js:125:9)
    at /Users/Apple/Desktop/project/social_app/server/node_modules/express-async-errors/index.js:17:20
    at Layer.handle [as handle_request] (/Users/Apple/Desktop/project/social_app/server/node_modules/express/lib/router/layer.js:95:5)
    at next (/Users/Apple/Desktop/project/social_app/server/node_modules/express/lib/router/route.js:137:13)
    at Route.dispatch (/Users/Apple/Desktop/project/social_app/server/node_modules/express/lib/router/route.js:112:3)
    at /Users/Apple/Desktop/project/social_app/server/node_modules/express-async-errors/index.js:17:20
    at Layer.handle [as handle_request] (/Users/Apple/Desktop/project/social_app/server/node_modules/express/lib/router/layer.js:95:5)
    at /Users/Apple/Desktop/project/social_app/server/node_modules/express/lib/router/index.js:281:22
    at Function.process_params (/Users/Apple/Desktop/project/social_app/server/node_modules/express/lib/router/index.js:341:12)
    at next (/Users/Apple/Desktop/project/social_app/server/node_modules/express/lib/router/index.js:275:10) }
{ time: [34m15-08-2022 13:13:59[39m level: [31merror[39m message: Photo.insert is not a functionPhoto.insert is not a function stack: TypeError: Photo.insert is not a function
    at exports.createPhoto (/Users/Apple/Desktop/project/social_app/server/controllers/post.controller.js:125:9)
    at /Users/Apple/Desktop/project/social_app/server/node_modules/express-async-errors/index.js:17:20
    at Layer.handle [as handle_request] (/Users/Apple/Desktop/project/social_app/server/node_modules/express/lib/router/layer.js:95:5)
    at next (/Users/Apple/Desktop/project/social_app/server/node_modules/express/lib/router/route.js:137:13)
    at Route.dispatch (/Users/Apple/Desktop/project/social_app/server/node_modules/express/lib/router/route.js:112:3)
    at /Users/Apple/Desktop/project/social_app/server/node_modules/express-async-errors/index.js:17:20
    at Layer.handle [as handle_request] (/Users/Apple/Desktop/project/social_app/server/node_modules/express/lib/router/layer.js:95:5)
    at /Users/Apple/Desktop/project/social_app/server/node_modules/express/lib/router/index.js:281:22
    at Function.process_params (/Users/Apple/Desktop/project/social_app/server/node_modules/express/lib/router/index.js:341:12)
    at next (/Users/Apple/Desktop/project/social_app/server/node_modules/express/lib/router/index.js:275:10) }
{ time: [34m15-08-2022 14:20:42[39m level: [31merror[39m message: Photo.index is not a functionPhoto.index is not a function stack: TypeError: Photo.index is not a function
    at exports.getPhoto (/Users/Apple/Desktop/project/social_app/server/controllers/post.controller.js:132:15)
    at /Users/Apple/Desktop/project/social_app/server/node_modules/express-async-errors/index.js:17:20
    at Layer.handle [as handle_request] (/Users/Apple/Desktop/project/social_app/server/node_modules/express/lib/router/layer.js:95:5)
    at next (/Users/Apple/Desktop/project/social_app/server/node_modules/express/lib/router/route.js:137:13)
    at Route.dispatch (/Users/Apple/Desktop/project/social_app/server/node_modules/express/lib/router/route.js:112:3)
    at /Users/Apple/Desktop/project/social_app/server/node_modules/express-async-errors/index.js:17:20
    at Layer.handle [as handle_request] (/Users/Apple/Desktop/project/social_app/server/node_modules/express/lib/router/layer.js:95:5)
    at /Users/Apple/Desktop/project/social_app/server/node_modules/express/lib/router/index.js:281:22
    at Function.process_params (/Users/Apple/Desktop/project/social_app/server/node_modules/express/lib/router/index.js:341:12)
    at next (/Users/Apple/Desktop/project/social_app/server/node_modules/express/lib/router/index.js:275:10) }
{ time: [34m15-08-2022 14:27:31[39m level: [31merror[39m message: Photo.getCollection is not a functionPhoto.getCollection is not a function stack: TypeError: Photo.getCollection is not a function
    at exports.getPhoto (/Users/Apple/Desktop/project/social_app/server/controllers/post.controller.js:131:15)
    at /Users/Apple/Desktop/project/social_app/server/node_modules/express-async-errors/index.js:17:20
    at Layer.handle [as handle_request] (/Users/Apple/Desktop/project/social_app/server/node_modules/express/lib/router/layer.js:95:5)
    at next (/Users/Apple/Desktop/project/social_app/server/node_modules/express/lib/router/route.js:137:13)
    at Route.dispatch (/Users/Apple/Desktop/project/social_app/server/node_modules/express/lib/router/route.js:112:3)
    at /Users/Apple/Desktop/project/social_app/server/node_modules/express-async-errors/index.js:17:20
    at Layer.handle [as handle_request] (/Users/Apple/Desktop/project/social_app/server/node_modules/express/lib/router/layer.js:95:5)
    at /Users/Apple/Desktop/project/social_app/server/node_modules/express/lib/router/index.js:281:22
    at Function.process_params (/Users/Apple/Desktop/project/social_app/server/node_modules/express/lib/router/index.js:341:12)
    at next (/Users/Apple/Desktop/project/social_app/server/node_modules/express/lib/router/index.js:275:10) }
{ time: [34m15-08-2022 14:32:19[39m level: [31merror[39m message: Photo.collection is not a functionPhoto.collection is not a function stack: TypeError: Photo.collection is not a function
    at exports.getPhoto (/Users/Apple/Desktop/project/social_app/server/controllers/post.controller.js:131:15)
    at /Users/Apple/Desktop/project/social_app/server/node_modules/express-async-errors/index.js:17:20
    at Layer.handle [as handle_request] (/Users/Apple/Desktop/project/social_app/server/node_modules/express/lib/router/layer.js:95:5)
    at next (/Users/Apple/Desktop/project/social_app/server/node_modules/express/lib/router/route.js:137:13)
    at Route.dispatch (/Users/Apple/Desktop/project/social_app/server/node_modules/express/lib/router/route.js:112:3)
    at /Users/Apple/Desktop/project/social_app/server/node_modules/express-async-errors/index.js:17:20
    at Layer.handle [as handle_request] (/Users/Apple/Desktop/project/social_app/server/node_modules/express/lib/router/layer.js:95:5)
    at /Users/Apple/Desktop/project/social_app/server/node_modules/express/lib/router/index.js:281:22
    at Function.process_params (/Users/Apple/Desktop/project/social_app/server/node_modules/express/lib/router/index.js:341:12)
    at next (/Users/Apple/Desktop/project/social_app/server/node_modules/express/lib/router/index.js:275:10) }
{ time: [34m15-08-2022 15:43:14[39m level: [31merror[39m message: Cast to number failed for value "true" (type boolean) at path "id" for model "Photo"Cast to number failed for value "true" (type boolean) at path "id" for model "Photo" stack: CastError: Cast to number failed for value "true" (type boolean) at path "id" for model "Photo"
    at model.Query.exec (/Users/Apple/Desktop/project/social_app/server/node_modules/mongoose/lib/query.js:4803:21)
    at model.Query.Query.then (/Users/Apple/Desktop/project/social_app/server/node_modules/mongoose/lib/query.js:4902:15)
    at processTicksAndRejections (internal/process/task_queues.js:97:5) }
